[01-Apr-2025 15:47:59 Europe/Berlin] PHP Warning:  include(paginas/404/404.php): Failed to open stream: No such file or directory in D:\Onedrive\www\sponsors\vistas\plantilla.php on line 75
[01-Apr-2025 15:47:59 Europe/Berlin] PHP Warning:  include(): Failed opening 'paginas/404/404.php' for inclusion (include_path='D:\xampp\php\PEAR') in D:\Onedrive\www\sponsors\vistas\plantilla.php on line 75
[01-Apr-2025 15:50:33 Europe/Berlin] PHP Warning:  Undefined array key 2 in D:\Onedrive\www\sponsors\vistas\plantilla.php on line 60
[01-Apr-2025 15:51:39 Europe/Berlin] PHP Warning:  include(ingreso.php): Failed to open stream: No such file or directory in D:\Onedrive\www\sponsors\vistas\plantilla.php on line 78
[01-Apr-2025 15:51:39 Europe/Berlin] PHP Warning:  include(): Failed opening 'ingreso.php' for inclusion (include_path='D:\xampp\php\PEAR') in D:\Onedrive\www\sponsors\vistas\plantilla.php on line 78
[01-Apr-2025 15:52:06 Europe/Berlin] PHP Warning:  include(paginas/ingreso.php): Failed to open stream: No such file or directory in D:\Onedrive\www\sponsors\vistas\plantilla.php on line 78
[01-Apr-2025 15:52:06 Europe/Berlin] PHP Warning:  include(): Failed opening 'paginas/ingreso.php' for inclusion (include_path='D:\xampp\php\PEAR') in D:\Onedrive\www\sponsors\vistas\plantilla.php on line 78
[01-Apr-2025 15:52:34 Europe/Berlin] PHP Warning:  include(paginas/ingreso.php): Failed to open stream: No such file or directory in D:\Onedrive\www\sponsors\vistas\plantilla.php on line 78
[01-Apr-2025 15:52:34 Europe/Berlin] PHP Warning:  include(): Failed opening 'paginas/ingreso.php' for inclusion (include_path='D:\xampp\php\PEAR') in D:\Onedrive\www\sponsors\vistas\plantilla.php on line 78
[01-Apr-2025 16:04:18 Europe/Berlin] PHP Parse error:  syntax error, unexpected token "if", expecting "(" in D:\Onedrive\www\sponsors\vistas\plantilla.php on line 67
[01-Apr-2025 16:04:21 Europe/Berlin] PHP Parse error:  syntax error, unexpected token "if", expecting "(" in D:\Onedrive\www\sponsors\vistas\plantilla.php on line 67
[01-Apr-2025 16:06:21 Europe/Berlin] PHP Warning:  Undefined array key 2 in D:\Onedrive\www\sponsors\vistas\plantilla.php on line 83
[01-Apr-2025 16:06:21 Europe/Berlin] PHP Warning:  Undefined array key 2 in D:\Onedrive\www\sponsors\vistas\plantilla.php on line 83
[01-Apr-2025 16:06:21 Europe/Berlin] PHP Warning:  include(paginas//.php): Failed to open stream: No such file or directory in D:\Onedrive\www\sponsors\vistas\plantilla.php on line 83
[01-Apr-2025 16:06:21 Europe/Berlin] PHP Warning:  include(): Failed opening 'paginas//.php' for inclusion (include_path='D:\xampp\php\PEAR') in D:\Onedrive\www\sponsors\vistas\plantilla.php on line 83
[01-Apr-2025 16:07:01 Europe/Berlin] PHP Warning:  Undefined array key 2 in D:\Onedrive\www\sponsors\vistas\plantilla.php on line 82
[01-Apr-2025 16:07:01 Europe/Berlin] PHP Warning:  Undefined array key 2 in D:\Onedrive\www\sponsors\vistas\plantilla.php on line 82
[01-Apr-2025 16:07:01 Europe/Berlin] PHP Warning:  include(paginas//.php): Failed to open stream: No such file or directory in D:\Onedrive\www\sponsors\vistas\plantilla.php on line 82
[01-Apr-2025 16:07:01 Europe/Berlin] PHP Warning:  include(): Failed opening 'paginas//.php' for inclusion (include_path='D:\xampp\php\PEAR') in D:\Onedrive\www\sponsors\vistas\plantilla.php on line 82
[01-Apr-2025 16:08:31 Europe/Berlin] PHP Warning:  Undefined array key 2 in D:\Onedrive\www\sponsors\vistas\plantilla.php on line 60
[01-Apr-2025 16:10:07 Europe/Berlin] PHP Warning:  include(paginas/sponsors/sponsors.php): Failed to open stream: No such file or directory in D:\Onedrive\www\sponsors\vistas\plantilla.php on line 82
[01-Apr-2025 16:10:07 Europe/Berlin] PHP Warning:  include(): Failed opening 'paginas/sponsors/sponsors.php' for inclusion (include_path='D:\xampp\php\PEAR') in D:\Onedrive\www\sponsors\vistas\plantilla.php on line 82
[01-Apr-2025 16:14:01 Europe/Berlin] PHP Warning:  Undefined array key 2 in D:\Onedrive\www\sponsors\vistas\plantilla.php on line 60
[01-Apr-2025 16:15:01 Europe/Berlin] PHP Warning:  include(ingreso.php): Failed to open stream: No such file or directory in D:\Onedrive\www\sponsors\vistas\plantilla.php on line 62
[01-Apr-2025 16:15:01 Europe/Berlin] PHP Warning:  include(): Failed opening 'ingreso.php' for inclusion (include_path='D:\xampp\php\PEAR') in D:\Onedrive\www\sponsors\vistas\plantilla.php on line 62
[01-Apr-2025 16:15:01 Europe/Berlin] PHP Warning:  include(paginas/sponsors/sponsors.php): Failed to open stream: No such file or directory in D:\Onedrive\www\sponsors\vistas\plantilla.php on line 88
[01-Apr-2025 16:15:01 Europe/Berlin] PHP Warning:  include(): Failed opening 'paginas/sponsors/sponsors.php' for inclusion (include_path='D:\xampp\php\PEAR') in D:\Onedrive\www\sponsors\vistas\plantilla.php on line 88
[01-Apr-2025 16:15:28 Europe/Berlin] PHP Warning:  include(paginas/sponsors/sponsors.php): Failed to open stream: No such file or directory in D:\Onedrive\www\sponsors\vistas\plantilla.php on line 88
[01-Apr-2025 16:15:28 Europe/Berlin] PHP Warning:  include(): Failed opening 'paginas/sponsors/sponsors.php' for inclusion (include_path='D:\xampp\php\PEAR') in D:\Onedrive\www\sponsors\vistas\plantilla.php on line 88
[01-Apr-2025 16:24:02 Europe/Berlin] PHP Warning:  include(paginas/sponsors/sponsors.php): Failed to open stream: No such file or directory in D:\Onedrive\www\sponsors\vistas\plantilla.php on line 89
[01-Apr-2025 16:24:02 Europe/Berlin] PHP Warning:  include(): Failed opening 'paginas/sponsors/sponsors.php' for inclusion (include_path='D:\xampp\php\PEAR') in D:\Onedrive\www\sponsors\vistas\plantilla.php on line 89
[01-Apr-2025 16:28:23 Europe/Berlin] PHP Warning:  include(paginas/sponsors/sponsors.php): Failed to open stream: No such file or directory in D:\Onedrive\www\sponsors\vistas\plantilla.php on line 89
[01-Apr-2025 16:28:23 Europe/Berlin] PHP Warning:  include(): Failed opening 'paginas/sponsors/sponsors.php' for inclusion (include_path='D:\xampp\php\PEAR') in D:\Onedrive\www\sponsors\vistas\plantilla.php on line 89
[01-Apr-2025 16:28:28 Europe/Berlin] PHP Warning:  include(paginas/sponsors/sponsors.php): Failed to open stream: No such file or directory in D:\Onedrive\www\sponsors\vistas\plantilla.php on line 89
[01-Apr-2025 16:28:28 Europe/Berlin] PHP Warning:  include(): Failed opening 'paginas/sponsors/sponsors.php' for inclusion (include_path='D:\xampp\php\PEAR') in D:\Onedrive\www\sponsors\vistas\plantilla.php on line 89
[01-Apr-2025 16:29:14 Europe/Berlin] PHP Warning:  include(paginas/sponsors/sponsors.php): Failed to open stream: No such file or directory in D:\Onedrive\www\sponsors\vistas\plantilla.php on line 89
[01-Apr-2025 16:29:14 Europe/Berlin] PHP Warning:  include(): Failed opening 'paginas/sponsors/sponsors.php' for inclusion (include_path='D:\xampp\php\PEAR') in D:\Onedrive\www\sponsors\vistas\plantilla.php on line 89
[01-Apr-2025 16:29:36 Europe/Berlin] PHP Warning:  include(paginas/sponsors/sponsors.php): Failed to open stream: No such file or directory in D:\Onedrive\www\sponsors\vistas\plantilla.php on line 89
[01-Apr-2025 16:29:36 Europe/Berlin] PHP Warning:  include(): Failed opening 'paginas/sponsors/sponsors.php' for inclusion (include_path='D:\xampp\php\PEAR') in D:\Onedrive\www\sponsors\vistas\plantilla.php on line 89
[01-Apr-2025 16:30:16 Europe/Berlin] PHP Warning:  include(paginas/sponsors/sponsors.php): Failed to open stream: No such file or directory in D:\Onedrive\www\sponsors\vistas\plantilla.php on line 89
[01-Apr-2025 16:30:16 Europe/Berlin] PHP Warning:  include(): Failed opening 'paginas/sponsors/sponsors.php' for inclusion (include_path='D:\xampp\php\PEAR') in D:\Onedrive\www\sponsors\vistas\plantilla.php on line 89
[01-Apr-2025 16:31:01 Europe/Berlin] PHP Warning:  include(paginas/sponsors/sponsors.php): Failed to open stream: No such file or directory in D:\Onedrive\www\sponsors\vistas\plantilla.php on line 89
[01-Apr-2025 16:31:01 Europe/Berlin] PHP Warning:  include(): Failed opening 'paginas/sponsors/sponsors.php' for inclusion (include_path='D:\xampp\php\PEAR') in D:\Onedrive\www\sponsors\vistas\plantilla.php on line 89
[01-Apr-2025 16:31:41 Europe/Berlin] PHP Warning:  include(ingreso.php): Failed to open stream: No such file or directory in D:\Onedrive\www\sponsors\vistas\plantilla.php on line 84
[01-Apr-2025 16:31:41 Europe/Berlin] PHP Warning:  include(): Failed opening 'ingreso.php' for inclusion (include_path='D:\xampp\php\PEAR') in D:\Onedrive\www\sponsors\vistas\plantilla.php on line 84
[01-Apr-2025 16:32:24 Europe/Berlin] PHP Warning:  include(ingreso.php): Failed to open stream: No such file or directory in D:\Onedrive\www\sponsors\vistas\plantilla.php on line 84
[01-Apr-2025 16:32:24 Europe/Berlin] PHP Warning:  include(): Failed opening 'ingreso.php' for inclusion (include_path='D:\xampp\php\PEAR') in D:\Onedrive\www\sponsors\vistas\plantilla.php on line 84
[01-Apr-2025 16:37:07 Europe/Berlin] PHP Warning:  include(paginas/ingreso/sls.php): Failed to open stream: No such file or directory in D:\Onedrive\www\sponsors\vistas\plantilla.php on line 80
[01-Apr-2025 16:37:07 Europe/Berlin] PHP Warning:  include(): Failed opening 'paginas/ingreso/sls.php' for inclusion (include_path='D:\xampp\php\PEAR') in D:\Onedrive\www\sponsors\vistas\plantilla.php on line 80
